{
  "stats": {
    "suites": 1,
    "tests": 1,
    "passes": 0,
    "pending": 0,
    "failures": 1,
    "start": "2020-08-12T07:44:56.475Z",
    "end": "2020-08-12T07:45:38.720Z",
    "duration": 42245,
    "testsRegistered": 1,
    "passPercent": 0,
    "pendingPercent": 0,
    "other": 1,
    "hasOther": true,
    "skipped": 0,
    "hasSkipped": false
  },
  "results": [
    {
      "uuid": "ddd4746c-8a54-4439-ab0e-d02e4a0e8168",
      "title": "",
      "fullFile": "cypress\\integration\\grpsBillingTabPresent.spec.js",
      "file": "cypress\\integration\\grpsBillingTabPresent.spec.js",
      "beforeHooks": [],
      "afterHooks": [],
      "tests": [],
      "suites": [
        {
          "uuid": "e978661a-34cb-4b0f-beb2-113710704e28",
          "title": "Navigate to Groups -> Billing Tab",
          "fullFile": "",
          "file": "",
          "beforeHooks": [],
          "afterHooks": [],
          "tests": [
            {
              "title": "Settings -> Groups",
              "fullTitle": "Navigate to Groups -> Billing Tab Settings -> Groups",
              "timedOut": null,
              "duration": 537,
              "state": "failed",
              "speed": null,
              "pass": false,
              "fail": true,
              "pending": false,
              "context": null,
              "code": "cy.login(this.locators);\ncy.clickProfileTab(this.locators.profileTabLoc);\ncy.clickTab(this.locators.settingsTabLoc);\ncy.clickTab(this.locators.groupsTabLoc);\ncy.get(this.locators.muiTabLoc).contains(new RegExp(this.locators.billingTabLoc, \"g\"));",
              "err": {
                "message": "TypeError: cy.clicTab is not a function\n\nBecause this error occurred during a `after all` hook we are skipping the remaining tests in the current suite: `Navigate to Groups -> Billi...`",
                "estack": "TypeError: cy.clicTab is not a function\n\nBecause this error occurred during a `after all` hook we are skipping the remaining tests in the current suite: `Navigate to Groups -> Billi...`\n    at Context.eval (https://app-dev.operata.io/__cypress/tests?p=cypress\\support\\index.js:28:6)",
                "diff": null
              },
              "uuid": "a6b319f3-62e9-4239-8657-96e73a4df35f",
              "parentUUID": "e978661a-34cb-4b0f-beb2-113710704e28",
              "isHook": false,
              "skipped": false
            }
          ],
          "suites": [],
          "passes": [],
          "failures": [
            "a6b319f3-62e9-4239-8657-96e73a4df35f"
          ],
          "pending": [],
          "skipped": [],
          "duration": 537,
          "root": false,
          "rootEmpty": false,
          "_timeout": 2000
        }
      ],
      "passes": [],
      "failures": [],
      "pending": [],
      "skipped": [],
      "duration": 0,
      "root": true,
      "rootEmpty": true,
      "_timeout": 2000
    }
  ],
  "meta": {
    "mocha": {
      "version": "7.0.1"
    },
    "mochawesome": {
      "options": {
        "quiet": false,
        "reportFilename": "mochawesome",
        "saveHtml": true,
        "saveJson": true,
        "consoleReporter": "spec",
        "useInlineDiffs": false,
        "code": true
      },
      "version": "6.1.1"
    },
    "marge": {
      "options": {
        "reportDir": "cypress/report/mochawesome-report",
        "overwrite": false,
        "html": true,
        "json": true,
        "timestamp": "mmddyyyy_HHMMss"
      },
      "version": "5.1.0"
    }
  }
}