{
  "stats": {
    "suites": 1,
    "tests": 1,
    "passes": 0,
    "pending": 0,
    "failures": 1,
    "start": "2020-08-12T07:12:34.890Z",
    "end": "2020-08-12T07:13:14.371Z",
    "duration": 39481,
    "testsRegistered": 1,
    "passPercent": 0,
    "pendingPercent": 0,
    "other": 0,
    "hasOther": false,
    "skipped": 0,
    "hasSkipped": false
  },
  "results": [
    {
      "uuid": "9f6a1886-5b30-4b13-8491-0c5bc1607ace",
      "title": "",
      "fullFile": "cypress\\integration\\grpsBillingTabPresent.spec.js",
      "file": "cypress\\integration\\grpsBillingTabPresent.spec.js",
      "beforeHooks": [],
      "afterHooks": [],
      "tests": [],
      "suites": [
        {
          "uuid": "6571ce94-68b8-4b6c-bec2-febd6a256f16",
          "title": "Navigate to Groups -> Billing Tab",
          "fullFile": "",
          "file": "",
          "beforeHooks": [],
          "afterHooks": [],
          "tests": [
            {
              "title": "Settings -> Groups",
              "fullTitle": "Navigate to Groups -> Billing Tab Settings -> Groups",
              "timedOut": null,
              "duration": 39402,
              "state": "failed",
              "speed": null,
              "pass": false,
              "fail": true,
              "pending": false,
              "context": null,
              "code": "cy.login(this.locators);\ncy.clickProfileTab(this.locators.profileTabLoc);\ncy.clickTab(this.locators.settingsTabLoc);\ncy.clickTab(this.locators.groupsTabLoc);\ncy.get(this.locators.muiTabLoc).contains(new RegExp(this.locators.billingTabLoc, \"g\"));",
              "err": {
                "message": "AssertionError: Timed out retrying: Expected to find content: '/Billing/g' within the element: [ <span.MuiTab-wrapper>, 1 more... ] but never did.",
                "estack": "AssertionError: Timed out retrying: Expected to find content: '/Billing/g' within the element: [ <span.MuiTab-wrapper>, 1 more... ] but never did.\n    at Context.eval (https://app-dev.operata.io/__cypress/tests?p=cypress\\integration\\grpsBillingTabPresent.spec.js:15:37)",
                "diff": null
              },
              "uuid": "ef79e22d-a939-4fa9-a86f-0cd4f2244899",
              "parentUUID": "6571ce94-68b8-4b6c-bec2-febd6a256f16",
              "isHook": false,
              "skipped": false
            }
          ],
          "suites": [],
          "passes": [],
          "failures": [
            "ef79e22d-a939-4fa9-a86f-0cd4f2244899"
          ],
          "pending": [],
          "skipped": [],
          "duration": 39402,
          "root": false,
          "rootEmpty": false,
          "_timeout": 2000
        }
      ],
      "passes": [],
      "failures": [],
      "pending": [],
      "skipped": [],
      "duration": 0,
      "root": true,
      "rootEmpty": true,
      "_timeout": 2000
    }
  ],
  "meta": {
    "mocha": {
      "version": "7.0.1"
    },
    "mochawesome": {
      "options": {
        "quiet": false,
        "reportFilename": "mochawesome",
        "saveHtml": true,
        "saveJson": true,
        "consoleReporter": "spec",
        "useInlineDiffs": false,
        "code": true
      },
      "version": "6.1.1"
    },
    "marge": {
      "options": {
        "reportDir": "cypress/report/mochawesome-report",
        "overwrite": false,
        "html": true,
        "json": true,
        "timestamp": "mmddyyyy_HHMMss"
      },
      "version": "5.1.0"
    }
  }
}